 INFO probe_rs_cli: Writing log to "/home/nine/.local/share/probe-rs/1672737625323.log"
DEBUG probe_rs::config::registry: Searching registry for chip with name esp32c3
DEBUG probe_rs::config::registry: Exact match for chip name: esp32c3
 WARN probe_rs::config::target: Using custom sequence for ESP32c3
TRACE open: probe_rs::probe::cmsisdap::tools: Attempting to open device matching 0403:6014
TRACE open: probe_rs::probe::cmsisdap::tools: Trying device Bus 009 Device 002: ID 26ce:01a2
TRACE open: probe_rs::probe::cmsisdap::tools: Error opening: Access
TRACE open: probe_rs::probe::cmsisdap::tools: Trying device Bus 009 Device 001: ID 1d6b:0002
TRACE open: probe_rs::probe::cmsisdap::tools: Error opening: Access
TRACE open: probe_rs::probe::cmsisdap::tools: Trying device Bus 010 Device 001: ID 1d6b:0003
TRACE open: probe_rs::probe::cmsisdap::tools: Error opening: Access
TRACE open: probe_rs::probe::cmsisdap::tools: Trying device Bus 008 Device 002: ID 2833:0211
TRACE open: probe_rs::probe::cmsisdap::tools: Error opening: Access
TRACE open: probe_rs::probe::cmsisdap::tools: Trying device Bus 008 Device 001: ID 1d6b:0003
TRACE open: probe_rs::probe::cmsisdap::tools: Error opening: Access
TRACE open: probe_rs::probe::cmsisdap::tools: Trying device Bus 007 Device 003: ID 2833:0211
TRACE open: probe_rs::probe::cmsisdap::tools: Error opening: Access
TRACE open: probe_rs::probe::cmsisdap::tools: Trying device Bus 007 Device 002: ID 1a40:0101
TRACE open: probe_rs::probe::cmsisdap::tools: Error opening: Access
TRACE open: probe_rs::probe::cmsisdap::tools: Trying device Bus 007 Device 001: ID 1d6b:0002
TRACE open: probe_rs::probe::cmsisdap::tools: Error opening: Access
TRACE open: probe_rs::probe::cmsisdap::tools: Trying device Bus 006 Device 002: ID 2833:0211
TRACE open: probe_rs::probe::cmsisdap::tools: Error opening: Access
TRACE open: probe_rs::probe::cmsisdap::tools: Trying device Bus 006 Device 001: ID 1d6b:0003
TRACE open: probe_rs::probe::cmsisdap::tools: Error opening: Access
TRACE open: probe_rs::probe::cmsisdap::tools: Trying device Bus 005 Device 001: ID 1d6b:0002
TRACE open: probe_rs::probe::cmsisdap::tools: Error opening: Access
TRACE open: probe_rs::probe::cmsisdap::tools: Trying device Bus 004 Device 002: ID 2833:3031
TRACE open: probe_rs::probe::cmsisdap::tools: Error opening: Access
TRACE open: probe_rs::probe::cmsisdap::tools: Trying device Bus 004 Device 001: ID 1d6b:0003
TRACE open: probe_rs::probe::cmsisdap::tools: Error opening: Access
TRACE open: probe_rs::probe::cmsisdap::tools: Trying device Bus 003 Device 006: ID 04d9:0169
TRACE open: probe_rs::probe::cmsisdap::tools: Error opening: Access
TRACE open: probe_rs::probe::cmsisdap::tools: Trying device Bus 003 Device 005: ID 045e:02dd
TRACE open: probe_rs::probe::cmsisdap::tools: Error opening: Access
TRACE open: probe_rs::probe::cmsisdap::tools: Trying device Bus 003 Device 003: ID 046d:c049
TRACE open: probe_rs::probe::cmsisdap::tools: Error opening: Access
TRACE open: probe_rs::probe::cmsisdap::tools: Trying device Bus 003 Device 004: ID 2833:0031
TRACE open: probe_rs::probe::cmsisdap::tools: Error opening: Access
TRACE open: probe_rs::probe::cmsisdap::tools: Trying device Bus 003 Device 002: ID 2833:2031
TRACE open: probe_rs::probe::cmsisdap::tools: Error opening: Access
TRACE open: probe_rs::probe::cmsisdap::tools: Trying device Bus 003 Device 007: ID 0e8d:0616
TRACE open: probe_rs::probe::cmsisdap::tools: Error opening: Access
TRACE open: probe_rs::probe::cmsisdap::tools: Trying device Bus 003 Device 001: ID 1d6b:0002
TRACE open: probe_rs::probe::cmsisdap::tools: Error opening: Access
TRACE open: probe_rs::probe::cmsisdap::tools: Trying device Bus 002 Device 001: ID 1d6b:0003
TRACE open: probe_rs::probe::cmsisdap::tools: Error opening: Access
TRACE open: probe_rs::probe::cmsisdap::tools: Trying device Bus 001 Device 119: ID 303a:1001
TRACE open: probe_rs::probe::cmsisdap::tools: Error opening: Access
TRACE open: probe_rs::probe::cmsisdap::tools: Trying device Bus 001 Device 023: ID 0925:3881
TRACE open: probe_rs::probe::cmsisdap::tools: Trying device Bus 001 Device 093: ID 2109:2815
TRACE open: probe_rs::probe::cmsisdap::tools: Error opening: Access
TRACE open: probe_rs::probe::cmsisdap::tools: Trying device Bus 001 Device 105: ID 0403:6014
TRACE open: probe_rs::probe::cmsisdap::tools: Trying device Bus 001 Device 092: ID 1a40:0101
TRACE open: probe_rs::probe::cmsisdap::tools: Error opening: Access
TRACE open: probe_rs::probe::cmsisdap::tools: Trying device Bus 001 Device 091: ID 047d:2041
TRACE open: probe_rs::probe::cmsisdap::tools: Error opening: Access
TRACE open: probe_rs::probe::cmsisdap::tools: Trying device Bus 001 Device 090: ID 2109:2815
TRACE open: probe_rs::probe::cmsisdap::tools: Error opening: Access
TRACE open: probe_rs::probe::cmsisdap::tools: Trying device Bus 001 Device 001: ID 1d6b:0002
TRACE open: probe_rs::probe::cmsisdap::tools: Error opening: Access
DEBUG open: probe_rs::probe::cmsisdap::tools: Attempting to open 0403:6014 in CMSIS-DAP v1 mode
DEBUG open: probe_rs::probe::ftdi: opened probe: FtdiProbe { adapter: JtagAdapter { device: Device { context: 0x555afbd1cb80 }, chain_params: None, jtag_idle_cycles: 0 }, speed_khz: 0, idle_cycles: 0 }
DEBUG probe_rs::probe::ftdi: attaching...
DEBUG probe_rs::probe::ftdi: tap found: 00005c25
DEBUG probe_rs::probe::ftdi: tap irlen: 6
DEBUG probe_rs::probe::ftdi: tap found: 00005c25
DEBUG probe_rs::probe::ftdi: tap irlen: 6
DEBUG probe_rs::probe::ftdi: Target chain params: ChainParams { irpre: 0, irpost: 0, drpre: 0, drpost: 0, irlen: 6 }
DEBUG probe_rs::probe::ftdi: read_register(0x10, 32)
DEBUG probe_rs::probe::ftdi: read_register result: [0, 0, 0, 0])
 INFO probe_rs_cli: Wrote log to "/home/nine/.local/share/probe-rs/1672737625323.log"
Error: Connecting to the chip was unsuccessful.

Caused by:
    0: An error with the usage of the probe occurred
    1: An error specific to the selected architecture occurred
    2: The connected chip ist most likely not a RISC-V chip.
